Using pre-set license
Built from '2020.3/staging' branch; Version is '2020.3.30f1 (1fb1bf06830e) revision 2077119'; Using compiler version '192528614'; Build Type 'Release'
OS: 'Windows 10  (10.0.19041) 64bit Core' Language: 'ko' Physical Memory: 6092 MB
BatchMode: 1, IsHumanControllingUs: 0, StartBugReporterOnCrash: 0, Is64bit: 1, IsPro: 0

COMMAND LINE ARGUMENTS:
C:\Program Files\Unity\Hub\Editor\2020.3.30f1\Editor\Unity.exe
-adb2
-batchMode
-noUpm
-name
AssetImportWorker0
-projectPath
C:/Users/임경아/Documents/GitHub/personalPortfolio/personalPortfolio
-logFile
Logs/AssetImportWorker0.log
-srvPort
60075
Successfully changed project path to: C:/Users/임경아/Documents/GitHub/personalPortfolio/personalPortfolio
C:/Users/임경아/Documents/GitHub/personalPortfolio/personalPortfolio
Using Asset Import Pipeline V2.
Refreshing native plugins compatible for Editor in 63.66 ms, found 2 plugins.
Preloading 0 native plugins for Editor in 0.00 ms.
Initialize engine version: 2020.3.30f1 (1fb1bf06830e)
[Subsystems] Discovering subsystems at path C:/Program Files/Unity/Hub/Editor/2020.3.30f1/Editor/Data/Resources/UnitySubsystems
[Subsystems] Discovering subsystems at path C:/Users/임경아/Documents/GitHub/personalPortfolio/personalPortfolio/Assets
GfxDevice: creating device client; threaded=0
Direct3D:
    Version:  Direct3D 11.0 [level 11.1]
    Renderer: AMD Radeon(TM) RX Vega 11 Graphics (ID=0x15dd)
    Vendor:   
    VRAM:     3046 MB
    Driver:   24.20.11020.2
Initialize mono
Mono path[0] = 'C:/Program Files/Unity/Hub/Editor/2020.3.30f1/Editor/Data/Managed'
Mono path[1] = 'C:/Program Files/Unity/Hub/Editor/2020.3.30f1/Editor/Data/MonoBleedingEdge/lib/mono/unityjit'
Mono config path = 'C:/Program Files/Unity/Hub/Editor/2020.3.30f1/Editor/Data/MonoBleedingEdge/etc'
Using monoOptions --debugger-agent=transport=dt_socket,embedding=1,server=y,suspend=n,address=127.0.0.1:56592
Begin MonoManager ReloadAssembly
Registering precompiled unity dll's ...
Register platform support module: C:/Program Files/Unity/Hub/Editor/2020.3.30f1/Editor/Data/PlaybackEngines/WebGLSupport/UnityEditor.WebGL.Extensions.dll
Register platform support module: C:/Program Files/Unity/Hub/Editor/2020.3.30f1/Editor/Data/PlaybackEngines/WindowsStandaloneSupport/UnityEditor.WindowsStandalone.Extensions.dll
Registered in 0.025105 seconds.
Native extension for WindowsStandalone target not found
Native extension for WebGL target not found
Refreshing native plugins compatible for Editor in 50.10 ms, found 2 plugins.
Preloading 0 native plugins for Editor in 0.00 ms.
Mono: successfully reloaded assembly
- Completed reload, in  1.249 seconds
Domain Reload Profiling:
	ReloadAssembly (1250ms)
		BeginReloadAssembly (338ms)
			ExecutionOrderSort (0ms)
			DisableScriptedObjects (0ms)
			BackupInstance (0ms)
			ReleaseScriptingObjects (0ms)
			CreateAndSetChildDomain (1ms)
		EndReloadAssembly (762ms)
			LoadAssemblies (337ms)
			RebuildTransferFunctionScriptingTraits (0ms)
			SetupTypeCache (236ms)
			ReleaseScriptCaches (0ms)
			RebuildScriptCaches (42ms)
			SetupLoadedEditorAssemblies (238ms)
				LogAssemblyErrors (0ms)
				InitializePlatformSupportModulesInManaged (6ms)
				SetLoadedEditorAssemblies (1ms)
				RefreshPlugins (50ms)
				BeforeProcessingInitializeOnLoad (27ms)
				ProcessInitializeOnLoadAttributes (117ms)
				ProcessInitializeOnLoadMethodAttributes (37ms)
				AfterProcessingInitializeOnLoad (0ms)
				EditorAssembliesLoaded (0ms)
			ExecutionOrderSort2 (0ms)
			AwakeInstancesAfterBackupRestoration (0ms)
Platform modules already initialized, skipping
Registering precompiled user dll's ...
Registered in 0.026654 seconds.
Begin MonoManager ReloadAssembly
Symbol file data-0000023BA3288E20 doesn't match image C:\Users\임경아\Documents\GitHub\personalPortfolio\personalPortfolio\Library\ScriptAssemblies\Unity.Services.Core.Editor.dll
Symbol file LoadedFromMemory is not a mono symbol file
Symbol file data-0000023BA32B75B0 doesn't match image C:\Users\임경아\Documents\GitHub\personalPortfolio\personalPortfolio\Library\ScriptAssemblies\Unity.VSCode.Editor.dll
Symbol file LoadedFromMemory is not a mono symbol file
Symbol file data-0000023BA2FF37A0 doesn't match image C:\Users\임경아\Documents\GitHub\personalPortfolio\personalPortfolio\Library\ScriptAssemblies\Unity.TextMeshPro.Editor.dll
Symbol file LoadedFromMemory is not a mono symbol file
Symbol file data-0000023BA3288E20 doesn't match image C:\Users\임경아\Documents\GitHub\personalPortfolio\personalPortfolio\Library\ScriptAssemblies\Unity.VisualStudio.Editor.dll
Symbol file LoadedFromMemory is not a mono symbol file
Symbol file data-0000023BA2007220 doesn't match image C:\Users\임경아\Documents\GitHub\personalPortfolio\personalPortfolio\Library\ScriptAssemblies\UnityEngine.TestRunner.dll
Symbol file LoadedFromMemory is not a mono symbol file
Symbol file data-0000023BA22EE010 doesn't match image C:\Users\임경아\Documents\GitHub\personalPortfolio\personalPortfolio\Library\ScriptAssemblies\Unity.Timeline.Editor.dll
Symbol file LoadedFromMemory is not a mono symbol file
Symbol file data-0000023BA336CE20 doesn't match image C:\Users\임경아\Documents\GitHub\personalPortfolio\personalPortfolio\Library\ScriptAssemblies\Unity.Timeline.dll
Symbol file LoadedFromMemory is not a mono symbol file
Symbol file data-0000023BA22EE010 doesn't match image C:\Users\임경아\Documents\GitHub\personalPortfolio\personalPortfolio\Library\ScriptAssemblies\Unity.TextMeshPro.dll
Symbol file LoadedFromMemory is not a mono symbol file
Symbol file data-0000023BA2007220 doesn't match image C:\Users\임경아\Documents\GitHub\personalPortfolio\personalPortfolio\Library\ScriptAssemblies\Unity.CollabProxy.Editor.dll
Symbol file LoadedFromMemory is not a mono symbol file
Symbol file data-0000023BA21A1220 doesn't match image C:\Users\임경아\Documents\GitHub\personalPortfolio\personalPortfolio\Library\ScriptAssemblies\UnityEditor.TestRunner.dll
Symbol file LoadedFromMemory is not a mono symbol file
Symbol file data-0000023BA3288E20 doesn't match image C:\Users\임경아\Documents\GitHub\personalPortfolio\personalPortfolio\Library\ScriptAssemblies\UnityEditor.UI.dll
Symbol file LoadedFromMemory is not a mono symbol file
Symbol file data-0000023BA07A14B0 doesn't match image C:\Users\임경아\Documents\GitHub\personalPortfolio\personalPortfolio\Library\ScriptAssemblies\Unity.PlasticSCM.Editor.dll
Symbol file LoadedFromMemory is not a mono symbol file
Symbol file data-0000023BA3288E20 doesn't match image C:\Users\임경아\Documents\GitHub\personalPortfolio\personalPortfolio\Library\ScriptAssemblies\Unity.Rider.Editor.dll
Symbol file LoadedFromMemory is not a mono symbol file
Symbol file data-0000023BA2112010 doesn't match image C:\Users\임경아\Documents\GitHub\personalPortfolio\personalPortfolio\Library\ScriptAssemblies\UnityEngine.UI.dll
Symbol file LoadedFromMemory is not a mono symbol file
Native extension for WindowsStandalone target not found
Native extension for WebGL target not found
Refreshing native plugins compatible for Editor in 0.51 ms, found 2 plugins.
Preloading 0 native plugins for Editor in 0.00 ms.
Mono: successfully reloaded assembly
- Completed reload, in  2.084 seconds
Domain Reload Profiling:
	ReloadAssembly (2086ms)
		BeginReloadAssembly (550ms)
			ExecutionOrderSort (0ms)
			DisableScriptedObjects (7ms)
			BackupInstance (0ms)
			ReleaseScriptingObjects (0ms)
			CreateAndSetChildDomain (24ms)
		EndReloadAssembly (1426ms)
			LoadAssemblies (581ms)
			RebuildTransferFunctionScriptingTraits (0ms)
			SetupTypeCache (455ms)
			ReleaseScriptCaches (1ms)
			RebuildScriptCaches (61ms)
			SetupLoadedEditorAssemblies (523ms)
				LogAssemblyErrors (0ms)
				InitializePlatformSupportModulesInManaged (9ms)
				SetLoadedEditorAssemblies (1ms)
				RefreshPlugins (1ms)
				BeforeProcessingInitializeOnLoad (140ms)
				ProcessInitializeOnLoadAttributes (329ms)
				ProcessInitializeOnLoadMethodAttributes (23ms)
				AfterProcessingInitializeOnLoad (21ms)
				EditorAssembliesLoaded (0ms)
			ExecutionOrderSort2 (0ms)
			AwakeInstancesAfterBackupRestoration (8ms)
Platform modules already initialized, skipping
========================================================================
Worker process is ready to serve import requests
Launched and connected shader compiler UnityShaderCompiler.exe after 0.18 seconds
Refreshing native plugins compatible for Editor in 1.31 ms, found 2 plugins.
Preloading 0 native plugins for Editor in 0.00 ms.
Unloading 1563 Unused Serialized files (Serialized files now loaded: 0)
System memory in use before: 84.1 MB.
System memory in use after: 83.9 MB.

Unloading 17 unused Assets to reduce memory usage. Loaded Objects now: 2016.
Total: 5.064600 ms (FindLiveObjects: 0.242600 ms CreateObjectMapping: 0.093100 ms MarkObjects: 4.267900 ms  DeleteObjects: 0.459000 ms)

AssetImportParameters requested are different than current active one (requested -> active):
  custom:framework-win-MediaFoundation: 216162199b28c13a410421893ffa2e32 -> 
  custom:video-decoder-ogg-theora: a1e56fd34408186e4bbccfd4996cb3dc -> 
  custom:container-muxer-webm: aa71ff27fc2769a1b78a27578f13a17b -> 
  custom:container-demuxer-webm: 4f35f7cbe854078d1ac9338744f61a02 -> 
  custom:container-demuxer-ogg: 62fdf1f143b41e24485cea50d1cbac27 -> 
  custom:video-encoder-webm-vp8: eb34c28f22e8b96e1ab97ce403110664 -> 
  custom:video-decoder-webm-vp8: 9c59270c3fd7afecdb556c50c9e8de78 -> 
  custom:audio-decoder-ogg-vorbis: bf7c407c2cedff20999df2af8eb42d56 -> 
  custom:audio-encoder-webm-vorbis: bf7c407c2cedff20999df2af8eb42d56 -> 
========================================================================
Received Import Request.
  path: Assets/02.Scripts/UI/BuildingShop/AddInfoMakeBuilding.cs
  artifactKey: Guid(deb3cd8d769015e4d96c40ae68b09b70) Importer(815301076,1909f56bfc062723c751e8b465ee728b)
Start importing Assets/02.Scripts/UI/BuildingShop/AddInfoMakeBuilding.cs using Guid(deb3cd8d769015e4d96c40ae68b09b70) Importer(815301076,1909f56bfc062723c751e8b465ee728b)  -> (artifact id: 'f730165758f07200525acd15ba1706f9') in 0.098497 seconds 
========================================================================
Received Import Request.
  Time since last request: 37.631265 seconds.
  path: Assets/02.Scripts/UI/HeroShop.cs
  artifactKey: Guid(e5aaf7579f62f9f4ab2aa8600515f9a0) Importer(815301076,1909f56bfc062723c751e8b465ee728b)
Start importing Assets/02.Scripts/UI/HeroShop.cs using Guid(e5aaf7579f62f9f4ab2aa8600515f9a0) Importer(815301076,1909f56bfc062723c751e8b465ee728b)  -> (artifact id: 'e17c452502b4cc35bca4177577dbc7b7') in 0.253987 seconds 
========================================================================
Received Import Request.
  Time since last request: 0.009031 seconds.
  path: Assets/02.Scripts/UI/BuyPoint.cs
  artifactKey: Guid(ba6645092adca314db7e982f1acd3748) Importer(815301076,1909f56bfc062723c751e8b465ee728b)
Start importing Assets/02.Scripts/UI/BuyPoint.cs using Guid(ba6645092adca314db7e982f1acd3748) Importer(815301076,1909f56bfc062723c751e8b465ee728b)  -> (artifact id: '69bab1830877f19898af43a528fbf41a') in 0.014335 seconds 
AssetImportWorkerClient::OnTransportError - code=2 error=End of file
